[2024-07-31T11:27:29.961+1000][gc,heap] Heap region size: 1M
[2024-07-31T11:27:29.969+1000][gc     ] Using G1
[2024-07-31T11:27:29.969+1000][gc,heap,coops] Heap address: 0x00000007c0000000, size: 1024 MB, Compressed Oops mode: Zero based, Oop shift amount: 3
[2024-07-31T11:27:31.567+1000][gc,start     ] GC(0) Pause Young (Concurrent Start) (Metadata GC Threshold)
[2024-07-31T11:27:31.567+1000][gc,task      ] GC(0) Using 4 workers of 4 for evacuation
[2024-07-31T11:27:31.574+1000][gc,phases    ] GC(0)   Pre Evacuate Collection Set: 0.0ms
[2024-07-31T11:27:31.574+1000][gc,phases    ] GC(0)   Evacuate Collection Set: 6.2ms
[2024-07-31T11:27:31.574+1000][gc,phases    ] GC(0)   Post Evacuate Collection Set: 0.4ms
[2024-07-31T11:27:31.574+1000][gc,phases    ] GC(0)   Other: 0.5ms
[2024-07-31T11:27:31.574+1000][gc,heap      ] GC(0) Eden regions: 44->0(44)
[2024-07-31T11:27:31.574+1000][gc,heap      ] GC(0) Survivor regions: 0->7(7)
[2024-07-31T11:27:31.574+1000][gc,heap      ] GC(0) Old regions: 0->0
[2024-07-31T11:27:31.574+1000][gc,heap      ] GC(0) Humongous regions: 0->0
[2024-07-31T11:27:31.574+1000][gc,metaspace ] GC(0) Metaspace: 20569K->20569K(1069056K)
[2024-07-31T11:27:31.574+1000][gc           ] GC(0) Pause Young (Concurrent Start) (Metadata GC Threshold) 43M->6M(1024M) 7.224ms
[2024-07-31T11:27:31.574+1000][gc,cpu       ] GC(0) User=0.02s Sys=0.00s Real=0.01s
[2024-07-31T11:27:31.574+1000][gc           ] GC(1) Concurrent Cycle
[2024-07-31T11:27:31.574+1000][gc,marking   ] GC(1) Concurrent Clear Claimed Marks
[2024-07-31T11:27:31.574+1000][gc,marking   ] GC(1) Concurrent Clear Claimed Marks 0.015ms
[2024-07-31T11:27:31.574+1000][gc,marking   ] GC(1) Concurrent Scan Root Regions
[2024-07-31T11:27:31.577+1000][gc,marking   ] GC(1) Concurrent Scan Root Regions 2.821ms
[2024-07-31T11:27:31.577+1000][gc,marking   ] GC(1) Concurrent Mark (1.624s)
[2024-07-31T11:27:31.577+1000][gc,marking   ] GC(1) Concurrent Mark From Roots
[2024-07-31T11:27:31.577+1000][gc,task      ] GC(1) Using 1 workers of 1 for marking
[2024-07-31T11:27:31.577+1000][gc,marking   ] GC(1) Concurrent Mark From Roots 0.145ms
[2024-07-31T11:27:31.577+1000][gc,marking   ] GC(1) Concurrent Preclean
[2024-07-31T11:27:31.577+1000][gc,marking   ] GC(1) Concurrent Preclean 0.026ms
[2024-07-31T11:27:31.577+1000][gc,marking   ] GC(1) Concurrent Mark (1.624s, 1.624s) 0.283ms
[2024-07-31T11:27:31.577+1000][gc,start     ] GC(1) Pause Remark
[2024-07-31T11:27:31.579+1000][gc,stringtable] GC(1) Cleaned string and symbol table, strings: 7328 processed, 0 removed, symbols: 64342 processed, 41 removed
[2024-07-31T11:27:31.580+1000][gc            ] GC(1) Pause Remark 7M->7M(1024M) 2.219ms
[2024-07-31T11:27:31.580+1000][gc,cpu        ] GC(1) User=0.00s Sys=0.00s Real=0.01s
[2024-07-31T11:27:31.580+1000][gc,marking    ] GC(1) Concurrent Rebuild Remembered Sets
[2024-07-31T11:27:31.580+1000][gc,marking    ] GC(1) Concurrent Rebuild Remembered Sets 0.066ms
[2024-07-31T11:27:31.580+1000][gc,start      ] GC(1) Pause Cleanup
[2024-07-31T11:27:31.580+1000][gc            ] GC(1) Pause Cleanup 7M->7M(1024M) 0.129ms
[2024-07-31T11:27:31.580+1000][gc,cpu        ] GC(1) User=0.00s Sys=0.00s Real=0.00s
[2024-07-31T11:27:31.580+1000][gc,marking    ] GC(1) Concurrent Cleanup for Next Mark
[2024-07-31T11:27:31.587+1000][gc,marking    ] GC(1) Concurrent Cleanup for Next Mark 7.407ms
[2024-07-31T11:27:31.588+1000][gc            ] GC(1) Concurrent Cycle 13.527ms
[2024-07-31T11:27:34.916+1000][gc,start      ] GC(2) Pause Young (Normal) (G1 Evacuation Pause)
[2024-07-31T11:27:34.916+1000][gc,task       ] GC(2) Using 4 workers of 4 for evacuation
[2024-07-31T11:27:34.924+1000][gc,phases     ] GC(2)   Pre Evacuate Collection Set: 0.0ms
[2024-07-31T11:27:34.924+1000][gc,phases     ] GC(2)   Evacuate Collection Set: 6.8ms
[2024-07-31T11:27:34.924+1000][gc,phases     ] GC(2)   Post Evacuate Collection Set: 0.6ms
[2024-07-31T11:27:34.924+1000][gc,phases     ] GC(2)   Other: 0.1ms
[2024-07-31T11:27:34.924+1000][gc,heap       ] GC(2) Eden regions: 44->0(48)
[2024-07-31T11:27:34.924+1000][gc,heap       ] GC(2) Survivor regions: 7->3(7)
[2024-07-31T11:27:34.924+1000][gc,heap       ] GC(2) Old regions: 0->7
[2024-07-31T11:27:34.924+1000][gc,heap       ] GC(2) Humongous regions: 129->129
[2024-07-31T11:27:34.924+1000][gc,metaspace  ] GC(2) Metaspace: 29799K->29799K(1075200K)
[2024-07-31T11:27:34.924+1000][gc            ] GC(2) Pause Young (Normal) (G1 Evacuation Pause) 179M->138M(1024M) 7.704ms
[2024-07-31T11:27:34.924+1000][gc,cpu        ] GC(2) User=0.02s Sys=0.00s Real=0.01s
[2024-07-31T11:27:35.212+1000][gc,start      ] GC(3) Pause Young (Concurrent Start) (Metadata GC Threshold)
[2024-07-31T11:27:35.212+1000][gc,task       ] GC(3) Using 4 workers of 4 for evacuation
[2024-07-31T11:27:35.216+1000][gc,phases     ] GC(3)   Pre Evacuate Collection Set: 0.0ms
[2024-07-31T11:27:35.216+1000][gc,phases     ] GC(3)   Evacuate Collection Set: 3.1ms
[2024-07-31T11:27:35.216+1000][gc,phases     ] GC(3)   Post Evacuate Collection Set: 0.3ms
[2024-07-31T11:27:35.216+1000][gc,phases     ] GC(3)   Other: 0.4ms
[2024-07-31T11:27:35.216+1000][gc,heap       ] GC(3) Eden regions: 26->0(48)
[2024-07-31T11:27:35.216+1000][gc,heap       ] GC(3) Survivor regions: 3->3(7)
[2024-07-31T11:27:35.216+1000][gc,heap       ] GC(3) Old regions: 7->7
[2024-07-31T11:27:35.216+1000][gc,heap       ] GC(3) Humongous regions: 129->129
[2024-07-31T11:27:35.216+1000][gc,metaspace  ] GC(3) Metaspace: 34714K->34714K(1081344K)
[2024-07-31T11:27:35.216+1000][gc            ] GC(3) Pause Young (Concurrent Start) (Metadata GC Threshold) 163M->138M(1024M) 3.934ms
[2024-07-31T11:27:35.216+1000][gc,cpu        ] GC(3) User=0.01s Sys=0.00s Real=0.00s
[2024-07-31T11:27:35.216+1000][gc            ] GC(4) Concurrent Cycle
[2024-07-31T11:27:35.216+1000][gc,marking    ] GC(4) Concurrent Clear Claimed Marks
[2024-07-31T11:27:35.216+1000][gc,marking    ] GC(4) Concurrent Clear Claimed Marks 0.018ms
[2024-07-31T11:27:35.216+1000][gc,marking    ] GC(4) Concurrent Scan Root Regions
[2024-07-31T11:27:35.218+1000][gc,marking    ] GC(4) Concurrent Scan Root Regions 2.106ms
[2024-07-31T11:27:35.218+1000][gc,marking    ] GC(4) Concurrent Mark (5.265s)
[2024-07-31T11:27:35.218+1000][gc,marking    ] GC(4) Concurrent Mark From Roots
[2024-07-31T11:27:35.219+1000][gc,task       ] GC(4) Using 1 workers of 1 for marking
[2024-07-31T11:27:35.227+1000][gc,marking    ] GC(4) Concurrent Mark From Roots 8.072ms
[2024-07-31T11:27:35.227+1000][gc,marking    ] GC(4) Concurrent Preclean
[2024-07-31T11:27:35.227+1000][gc,marking    ] GC(4) Concurrent Preclean 0.084ms
[2024-07-31T11:27:35.227+1000][gc,marking    ] GC(4) Concurrent Mark (5.265s, 5.273s) 8.257ms
[2024-07-31T11:27:35.227+1000][gc,start      ] GC(4) Pause Remark
[2024-07-31T11:27:35.235+1000][gc,stringtable] GC(4) Cleaned string and symbol table, strings: 10811 processed, 12 removed, symbols: 96755 processed, 27 removed
[2024-07-31T11:27:35.235+1000][gc            ] GC(4) Pause Remark 139M->139M(1024M) 8.135ms
[2024-07-31T11:27:35.235+1000][gc,cpu        ] GC(4) User=0.01s Sys=0.00s Real=0.01s
[2024-07-31T11:27:35.235+1000][gc,marking    ] GC(4) Concurrent Rebuild Remembered Sets
[2024-07-31T11:27:35.240+1000][gc,marking    ] GC(4) Concurrent Rebuild Remembered Sets 4.588ms
[2024-07-31T11:27:35.240+1000][gc,start      ] GC(4) Pause Cleanup
[2024-07-31T11:27:35.240+1000][gc            ] GC(4) Pause Cleanup 139M->139M(1024M) 0.141ms
[2024-07-31T11:27:35.240+1000][gc,cpu        ] GC(4) User=0.00s Sys=0.00s Real=0.00s
[2024-07-31T11:27:35.240+1000][gc,marking    ] GC(4) Concurrent Cleanup for Next Mark
[2024-07-31T11:27:35.256+1000][gc,marking    ] GC(4) Concurrent Cleanup for Next Mark 15.706ms
[2024-07-31T11:27:35.256+1000][gc            ] GC(4) Concurrent Cycle 39.787ms
[2024-07-31T11:27:36.209+1000][gc,start      ] GC(5) Pause Young (Normal) (G1 Evacuation Pause)
[2024-07-31T11:27:36.209+1000][gc,task       ] GC(5) Using 4 workers of 4 for evacuation
[2024-07-31T11:27:36.218+1000][gc,phases     ] GC(5)   Pre Evacuate Collection Set: 0.0ms
[2024-07-31T11:27:36.218+1000][gc,phases     ] GC(5)   Evacuate Collection Set: 7.8ms
[2024-07-31T11:27:36.218+1000][gc,phases     ] GC(5)   Post Evacuate Collection Set: 0.4ms
[2024-07-31T11:27:36.218+1000][gc,phases     ] GC(5)   Other: 0.2ms
[2024-07-31T11:27:36.218+1000][gc,heap       ] GC(5) Eden regions: 48->0(44)
[2024-07-31T11:27:36.218+1000][gc,heap       ] GC(5) Survivor regions: 3->7(7)
[2024-07-31T11:27:36.218+1000][gc,heap       ] GC(5) Old regions: 7->7
[2024-07-31T11:27:36.218+1000][gc,heap       ] GC(5) Humongous regions: 129->129
[2024-07-31T11:27:36.218+1000][gc,metaspace  ] GC(5) Metaspace: 42649K->42649K(1087488K)
[2024-07-31T11:27:36.218+1000][gc            ] GC(5) Pause Young (Normal) (G1 Evacuation Pause) 186M->142M(1024M) 8.542ms
[2024-07-31T11:27:36.218+1000][gc,cpu        ] GC(5) User=0.02s Sys=0.01s Real=0.01s
[2024-07-31T11:44:38.063+1000][gc,start      ] GC(6) Pause Young (Normal) (G1 Evacuation Pause)
[2024-07-31T11:44:38.071+1000][gc,task       ] GC(6) Using 4 workers of 4 for evacuation
[2024-07-31T11:44:38.078+1000][gc,phases     ] GC(6)   Pre Evacuate Collection Set: 0.0ms
[2024-07-31T11:44:38.079+1000][gc,phases     ] GC(6)   Evacuate Collection Set: 6.2ms
[2024-07-31T11:44:38.079+1000][gc,phases     ] GC(6)   Post Evacuate Collection Set: 0.6ms
[2024-07-31T11:44:38.079+1000][gc,phases     ] GC(6)   Other: 8.8ms
[2024-07-31T11:44:38.079+1000][gc,heap       ] GC(6) Eden regions: 44->0(49)
[2024-07-31T11:44:38.079+1000][gc,heap       ] GC(6) Survivor regions: 7->2(7)
[2024-07-31T11:44:38.079+1000][gc,heap       ] GC(6) Old regions: 7->13
[2024-07-31T11:44:38.079+1000][gc,heap       ] GC(6) Humongous regions: 129->129
[2024-07-31T11:44:38.079+1000][gc,metaspace  ] GC(6) Metaspace: 47378K->47378K(1091584K)
[2024-07-31T11:44:38.079+1000][gc            ] GC(6) Pause Young (Normal) (G1 Evacuation Pause) 186M->142M(1024M) 15.857ms
[2024-07-31T11:44:38.079+1000][gc,cpu        ] GC(6) User=0.02s Sys=0.01s Real=0.01s
[2024-07-31T12:09:02.523+1000][gc,heap,exit  ] Heap
[2024-07-31T12:09:02.726+1000][gc,heap,exit  ]  garbage-first heap   total 1048576K, used 194432K [0x00000007c0000000, 0x0000000800000000)
[2024-07-31T12:09:02.726+1000][gc,heap,exit  ]   region size 1024K, 51 young (52224K), 2 survivors (2048K)
[2024-07-31T12:09:02.726+1000][gc,heap,exit  ]  Metaspace       used 48447K, capacity 50509K, committed 50688K, reserved 1093632K
[2024-07-31T12:09:02.726+1000][gc,heap,exit  ]   class space    used 6051K, capacity 7066K, committed 7168K, reserved 1048576K
