[2024-07-31 11:06:40,523] INFO [Controller id=0 epoch=1] Changed partition mytopic-0 state from NonExistentPartition to NewPartition with assigned replicas 0 (state.change.logger)
[2024-07-31 11:06:40,524] INFO [Controller id=0 epoch=1] Sending UpdateMetadata request to brokers Set() for 0 partitions (state.change.logger)
[2024-07-31 11:06:40,546] INFO [Controller id=0 epoch=1] Sending UpdateMetadata request to brokers Set() for 0 partitions (state.change.logger)
[2024-07-31 11:06:40,872] INFO [Controller id=0 epoch=1] Changed partition mytopic-0 from NewPartition to OnlinePartition with state LeaderAndIsr(leader=0, leaderEpoch=0, isr=List(0), leaderRecoveryState=RECOVERED, partitionEpoch=0) (state.change.logger)
[2024-07-31 11:06:40,874] INFO [Controller id=0 epoch=1] Sending LeaderAndIsr request to broker 0 with 1 become-leader and 0 become-follower partitions (state.change.logger)
[2024-07-31 11:06:40,876] INFO [Controller id=0 epoch=1] Sending UpdateMetadata request to brokers Set(0) for 1 partitions (state.change.logger)
[2024-07-31 11:06:40,877] INFO [Controller id=0 epoch=1] Sending UpdateMetadata request to brokers Set() for 0 partitions (state.change.logger)
[2024-07-31 11:06:40,880] INFO [Broker id=0] Handling LeaderAndIsr request correlationId 1 from controller 0 for 1 partitions (state.change.logger)
[2024-07-31 11:06:40,949] INFO [Broker id=0] Stopped fetchers as part of LeaderAndIsr request correlationId 1 from controller 0 epoch 1 as part of the become-leader transition for 1 partitions (state.change.logger)
[2024-07-31 11:06:41,382] INFO [Broker id=0] Leader mytopic-0 with topic id Some(CX6ILlROS36utRbrTFO8Cw) starts at leader epoch 0 from offset 0 with partition epoch 0, high watermark 0, ISR [0], adding replicas [] and removing replicas []. Previous leader epoch was -1. (state.change.logger)
[2024-07-31 11:06:41,525] INFO [Broker id=0] Finished LeaderAndIsr request in 647ms correlationId 1 from controller 0 for 1 partitions (state.change.logger)
[2024-07-31 11:06:41,595] INFO [Broker id=0] Add 1 partitions and deleted 0 partitions from metadata cache in response to UpdateMetadata request sent by controller 0 epoch 1 with correlation id 2 (state.change.logger)
[2024-07-31 11:10:00,357] INFO [Controller id=0 epoch=1] Sending UpdateMetadata request to brokers Set() for 0 partitions (state.change.logger)
[2024-07-31 11:10:19,089] INFO [Controller id=0 epoch=2] Sending UpdateMetadata request to brokers Set(0) for 0 partitions (state.change.logger)
[2024-07-31 11:10:19,116] INFO [Controller id=0 epoch=2] Sending LeaderAndIsr request to broker 0 with 1 become-leader and 0 become-follower partitions (state.change.logger)
[2024-07-31 11:10:19,119] INFO [Controller id=0 epoch=2] Sending UpdateMetadata request to brokers Set(0) for 1 partitions (state.change.logger)
[2024-07-31 11:10:19,276] INFO [Broker id=0] Handling LeaderAndIsr request correlationId 1 from controller 0 for 1 partitions (state.change.logger)
[2024-07-31 11:10:19,367] INFO [Broker id=0] Stopped fetchers as part of LeaderAndIsr request correlationId 1 from controller 0 epoch 2 as part of the become-leader transition for 1 partitions (state.change.logger)
[2024-07-31 11:10:19,376] INFO [Broker id=0] Leader mytopic-0 with topic id Some(CX6ILlROS36utRbrTFO8Cw) starts at leader epoch 0 from offset 1 with partition epoch 0, high watermark 1, ISR [0], adding replicas [] and removing replicas []. Previous leader epoch was -1. (state.change.logger)
[2024-07-31 11:10:19,385] INFO [Broker id=0] Finished LeaderAndIsr request in 111ms correlationId 1 from controller 0 for 1 partitions (state.change.logger)
[2024-07-31 11:10:19,392] INFO [Broker id=0] Add 1 partitions and deleted 0 partitions from metadata cache in response to UpdateMetadata request sent by controller 0 epoch 2 with correlation id 2 (state.change.logger)
[2024-07-31 11:11:42,335] INFO [Controller id=0 epoch=2] Changed partition __consumer_offsets-22 state from NonExistentPartition to NewPartition with assigned replicas 0 (state.change.logger)
[2024-07-31 11:11:42,335] INFO [Controller id=0 epoch=2] Changed partition __consumer_offsets-30 state from NonExistentPartition to NewPartition with assigned replicas 0 (state.change.logger)
[2024-07-31 11:11:42,335] INFO [Controller id=0 epoch=2] Changed partition __consumer_offsets-8 state from NonExistentPartition to NewPartition with assigned replicas 0 (state.change.logger)
[2024-07-31 11:11:42,335] INFO [Controller id=0 epoch=2] Changed partition __consumer_offsets-21 state from NonExistentPartition to NewPartition with assigned replicas 0 (state.change.logger)
[2024-07-31 11:11:42,335] INFO [Controller id=0 epoch=2] Changed partition __consumer_offsets-4 state from NonExistentPartition to NewPartition with assigned replicas 0 (state.change.logger)
[2024-07-31 11:11:42,335] INFO [Controller id=0 epoch=2] Changed partition __consumer_offsets-27 state from NonExistentPartition to NewPartition with assigned replicas 0 (state.change.logger)
[2024-07-31 11:11:42,335] INFO [Controller id=0 epoch=2] Changed partition __consumer_offsets-7 state from NonExistentPartition to NewPartition with assigned replicas 0 (state.change.logger)
[2024-07-31 11:11:42,336] INFO [Controller id=0 epoch=2] Changed partition __consumer_offsets-9 state from NonExistentPartition to NewPartition with assigned replicas 0 (state.change.logger)
[2024-07-31 11:11:42,336] INFO [Controller id=0 epoch=2] Changed partition __consumer_offsets-46 state from NonExistentPartition to NewPartition with assigned replicas 0 (state.change.logger)
[2024-07-31 11:11:42,336] INFO [Controller id=0 epoch=2] Changed partition __consumer_offsets-25 state from NonExistentPartition to NewPartition with assigned replicas 0 (state.change.logger)
[2024-07-31 11:11:42,336] INFO [Controller id=0 epoch=2] Changed partition __consumer_offsets-35 state from NonExistentPartition to NewPartition with assigned replicas 0 (state.change.logger)
[2024-07-31 11:11:42,336] INFO [Controller id=0 epoch=2] Changed partition __consumer_offsets-41 state from NonExistentPartition to NewPartition with assigned replicas 0 (state.change.logger)
[2024-07-31 11:11:42,336] INFO [Controller id=0 epoch=2] Changed partition __consumer_offsets-33 state from NonExistentPartition to NewPartition with assigned replicas 0 (state.change.logger)
[2024-07-31 11:11:42,336] INFO [Controller id=0 epoch=2] Changed partition __consumer_offsets-23 state from NonExistentPartition to NewPartition with assigned replicas 0 (state.change.logger)
[2024-07-31 11:11:42,336] INFO [Controller id=0 epoch=2] Changed partition __consumer_offsets-49 state from NonExistentPartition to NewPartition with assigned replicas 0 (state.change.logger)
[2024-07-31 11:11:42,336] INFO [Controller id=0 epoch=2] Changed partition __consumer_offsets-47 state from NonExistentPartition to NewPartition with assigned replicas 0 (state.change.logger)
[2024-07-31 11:11:42,336] INFO [Controller id=0 epoch=2] Changed partition __consumer_offsets-16 state from NonExistentPartition to NewPartition with assigned replicas 0 (state.change.logger)
[2024-07-31 11:11:42,336] INFO [Controller id=0 epoch=2] Changed partition __consumer_offsets-28 state from NonExistentPartition to NewPartition with assigned replicas 0 (state.change.logger)
[2024-07-31 11:11:42,336] INFO [Controller id=0 epoch=2] Changed partition __consumer_offsets-31 state from NonExistentPartition to NewPartition with assigned replicas 0 (state.change.logger)
[2024-07-31 11:11:42,336] INFO [Controller id=0 epoch=2] Changed partition __consumer_offsets-36 state from NonExistentPartition to NewPartition with assigned replicas 0 (state.change.logger)
[2024-07-31 11:11:42,336] INFO [Controller id=0 epoch=2] Changed partition __consumer_offsets-42 state from NonExistentPartition to NewPartition with assigned replicas 0 (state.change.logger)
[2024-07-31 11:11:42,336] INFO [Controller id=0 epoch=2] Changed partition __consumer_offsets-3 state from NonExistentPartition to NewPartition with assigned replicas 0 (state.change.logger)
[2024-07-31 11:11:42,336] INFO [Controller id=0 epoch=2] Changed partition __consumer_offsets-18 state from NonExistentPartition to NewPartition with assigned replicas 0 (state.change.logger)
[2024-07-31 11:11:42,336] INFO [Controller id=0 epoch=2] Changed partition __consumer_offsets-37 state from NonExistentPartition to NewPartition with assigned replicas 0 (state.change.logger)
[2024-07-31 11:11:42,337] INFO [Controller id=0 epoch=2] Changed partition __consumer_offsets-15 state from NonExistentPartition to NewPartition with assigned replicas 0 (state.change.logger)
[2024-07-31 11:11:42,337] INFO [Controller id=0 epoch=2] Changed partition __consumer_offsets-24 state from NonExistentPartition to NewPartition with assigned replicas 0 (state.change.logger)
[2024-07-31 11:11:42,337] INFO [Controller id=0 epoch=2] Changed partition __consumer_offsets-38 state from NonExistentPartition to NewPartition with assigned replicas 0 (state.change.logger)
[2024-07-31 11:11:42,337] INFO [Controller id=0 epoch=2] Changed partition __consumer_offsets-17 state from NonExistentPartition to NewPartition with assigned replicas 0 (state.change.logger)
[2024-07-31 11:11:42,337] INFO [Controller id=0 epoch=2] Changed partition __consumer_offsets-48 state from NonExistentPartition to NewPartition with assigned replicas 0 (state.change.logger)
[2024-07-31 11:11:42,337] INFO [Controller id=0 epoch=2] Changed partition __consumer_offsets-19 state from NonExistentPartition to NewPartition with assigned replicas 0 (state.change.logger)
[2024-07-31 11:11:42,337] INFO [Controller id=0 epoch=2] Changed partition __consumer_offsets-11 state from NonExistentPartition to NewPartition with assigned replicas 0 (state.change.logger)
[2024-07-31 11:11:42,337] INFO [Controller id=0 epoch=2] Changed partition __consumer_offsets-13 state from NonExistentPartition to NewPartition with assigned replicas 0 (state.change.logger)
[2024-07-31 11:11:42,337] INFO [Controller id=0 epoch=2] Changed partition __consumer_offsets-2 state from NonExistentPartition to NewPartition with assigned replicas 0 (state.change.logger)
[2024-07-31 11:11:42,337] INFO [Controller id=0 epoch=2] Changed partition __consumer_offsets-43 state from NonExistentPartition to NewPartition with assigned replicas 0 (state.change.logger)
[2024-07-31 11:11:42,337] INFO [Controller id=0 epoch=2] Changed partition __consumer_offsets-6 state from NonExistentPartition to NewPartition with assigned replicas 0 (state.change.logger)
[2024-07-31 11:11:42,337] INFO [Controller id=0 epoch=2] Changed partition __consumer_offsets-14 state from NonExistentPartition to NewPartition with assigned replicas 0 (state.change.logger)
[2024-07-31 11:11:42,337] INFO [Controller id=0 epoch=2] Changed partition __consumer_offsets-20 state from NonExistentPartition to NewPartition with assigned replicas 0 (state.change.logger)
[2024-07-31 11:11:42,337] INFO [Controller id=0 epoch=2] Changed partition __consumer_offsets-0 state from NonExistentPartition to NewPartition with assigned replicas 0 (state.change.logger)
[2024-07-31 11:11:42,337] INFO [Controller id=0 epoch=2] Changed partition __consumer_offsets-44 state from NonExistentPartition to NewPartition with assigned replicas 0 (state.change.logger)
[2024-07-31 11:11:42,337] INFO [Controller id=0 epoch=2] Changed partition __consumer_offsets-39 state from NonExistentPartition to NewPartition with assigned replicas 0 (state.change.logger)
[2024-07-31 11:11:42,337] INFO [Controller id=0 epoch=2] Changed partition __consumer_offsets-12 state from NonExistentPartition to NewPartition with assigned replicas 0 (state.change.logger)
[2024-07-31 11:11:42,337] INFO [Controller id=0 epoch=2] Changed partition __consumer_offsets-45 state from NonExistentPartition to NewPartition with assigned replicas 0 (state.change.logger)
[2024-07-31 11:11:42,337] INFO [Controller id=0 epoch=2] Changed partition __consumer_offsets-1 state from NonExistentPartition to NewPartition with assigned replicas 0 (state.change.logger)
[2024-07-31 11:11:42,337] INFO [Controller id=0 epoch=2] Changed partition __consumer_offsets-5 state from NonExistentPartition to NewPartition with assigned replicas 0 (state.change.logger)
[2024-07-31 11:11:42,338] INFO [Controller id=0 epoch=2] Changed partition __consumer_offsets-26 state from NonExistentPartition to NewPartition with assigned replicas 0 (state.change.logger)
[2024-07-31 11:11:42,338] INFO [Controller id=0 epoch=2] Changed partition __consumer_offsets-29 state from NonExistentPartition to NewPartition with assigned replicas 0 (state.change.logger)
[2024-07-31 11:11:42,338] INFO [Controller id=0 epoch=2] Changed partition __consumer_offsets-34 state from NonExistentPartition to NewPartition with assigned replicas 0 (state.change.logger)
[2024-07-31 11:11:42,338] INFO [Controller id=0 epoch=2] Changed partition __consumer_offsets-10 state from NonExistentPartition to NewPartition with assigned replicas 0 (state.change.logger)
[2024-07-31 11:11:42,338] INFO [Controller id=0 epoch=2] Changed partition __consumer_offsets-32 state from NonExistentPartition to NewPartition with assigned replicas 0 (state.change.logger)
[2024-07-31 11:11:42,338] INFO [Controller id=0 epoch=2] Changed partition __consumer_offsets-40 state from NonExistentPartition to NewPartition with assigned replicas 0 (state.change.logger)
[2024-07-31 11:11:42,338] INFO [Controller id=0 epoch=2] Sending UpdateMetadata request to brokers Set() for 0 partitions (state.change.logger)
[2024-07-31 11:11:42,341] INFO [Controller id=0 epoch=2] Sending UpdateMetadata request to brokers Set() for 0 partitions (state.change.logger)
[2024-07-31 11:11:45,060] INFO [Controller id=0 epoch=2] Changed partition __consumer_offsets-22 from NewPartition to OnlinePartition with state LeaderAndIsr(leader=0, leaderEpoch=0, isr=List(0), leaderRecoveryState=RECOVERED, partitionEpoch=0) (state.change.logger)
[2024-07-31 11:11:45,060] INFO [Controller id=0 epoch=2] Changed partition __consumer_offsets-30 from NewPartition to OnlinePartition with state LeaderAndIsr(leader=0, leaderEpoch=0, isr=List(0), leaderRecoveryState=RECOVERED, partitionEpoch=0) (state.change.logger)
[2024-07-31 11:11:45,060] INFO [Controller id=0 epoch=2] Changed partition __consumer_offsets-8 from NewPartition to OnlinePartition with state LeaderAndIsr(leader=0, leaderEpoch=0, isr=List(0), leaderRecoveryState=RECOVERED, partitionEpoch=0) (state.change.logger)
[2024-07-31 11:11:45,060] INFO [Controller id=0 epoch=2] Changed partition __consumer_offsets-21 from NewPartition to OnlinePartition with state LeaderAndIsr(leader=0, leaderEpoch=0, isr=List(0), leaderRecoveryState=RECOVERED, partitionEpoch=0) (state.change.logger)
[2024-07-31 11:11:45,060] INFO [Controller id=0 epoch=2] Changed partition __consumer_offsets-4 from NewPartition to OnlinePartition with state LeaderAndIsr(leader=0, leaderEpoch=0, isr=List(0), leaderRecoveryState=RECOVERED, partitionEpoch=0) (state.change.logger)
[2024-07-31 11:11:45,060] INFO [Controller id=0 epoch=2] Changed partition __consumer_offsets-27 from NewPartition to OnlinePartition with state LeaderAndIsr(leader=0, leaderEpoch=0, isr=List(0), leaderRecoveryState=RECOVERED, partitionEpoch=0) (state.change.logger)
[2024-07-31 11:11:45,060] INFO [Controller id=0 epoch=2] Changed partition __consumer_offsets-7 from NewPartition to OnlinePartition with state LeaderAndIsr(leader=0, leaderEpoch=0, isr=List(0), leaderRecoveryState=RECOVERED, partitionEpoch=0) (state.change.logger)
[2024-07-31 11:11:45,061] INFO [Controller id=0 epoch=2] Changed partition __consumer_offsets-9 from NewPartition to OnlinePartition with state LeaderAndIsr(leader=0, leaderEpoch=0, isr=List(0), leaderRecoveryState=RECOVERED, partitionEpoch=0) (state.change.logger)
[2024-07-31 11:11:45,061] INFO [Controller id=0 epoch=2] Changed partition __consumer_offsets-46 from NewPartition to OnlinePartition with state LeaderAndIsr(leader=0, leaderEpoch=0, isr=List(0), leaderRecoveryState=RECOVERED, partitionEpoch=0) (state.change.logger)
[2024-07-31 11:11:45,061] INFO [Controller id=0 epoch=2] Changed partition __consumer_offsets-25 from NewPartition to OnlinePartition with state LeaderAndIsr(leader=0, leaderEpoch=0, isr=List(0), leaderRecoveryState=RECOVERED, partitionEpoch=0) (state.change.logger)
[2024-07-31 11:11:45,061] INFO [Controller id=0 epoch=2] Changed partition __consumer_offsets-35 from NewPartition to OnlinePartition with state LeaderAndIsr(leader=0, leaderEpoch=0, isr=List(0), leaderRecoveryState=RECOVERED, partitionEpoch=0) (state.change.logger)
[2024-07-31 11:11:45,061] INFO [Controller id=0 epoch=2] Changed partition __consumer_offsets-41 from NewPartition to OnlinePartition with state LeaderAndIsr(leader=0, leaderEpoch=0, isr=List(0), leaderRecoveryState=RECOVERED, partitionEpoch=0) (state.change.logger)
[2024-07-31 11:11:45,061] INFO [Controller id=0 epoch=2] Changed partition __consumer_offsets-33 from NewPartition to OnlinePartition with state LeaderAndIsr(leader=0, leaderEpoch=0, isr=List(0), leaderRecoveryState=RECOVERED, partitionEpoch=0) (state.change.logger)
[2024-07-31 11:11:45,061] INFO [Controller id=0 epoch=2] Changed partition __consumer_offsets-23 from NewPartition to OnlinePartition with state LeaderAndIsr(leader=0, leaderEpoch=0, isr=List(0), leaderRecoveryState=RECOVERED, partitionEpoch=0) (state.change.logger)
[2024-07-31 11:11:45,061] INFO [Controller id=0 epoch=2] Changed partition __consumer_offsets-49 from NewPartition to OnlinePartition with state LeaderAndIsr(leader=0, leaderEpoch=0, isr=List(0), leaderRecoveryState=RECOVERED, partitionEpoch=0) (state.change.logger)
[2024-07-31 11:11:45,061] INFO [Controller id=0 epoch=2] Changed partition __consumer_offsets-47 from NewPartition to OnlinePartition with state LeaderAndIsr(leader=0, leaderEpoch=0, isr=List(0), leaderRecoveryState=RECOVERED, partitionEpoch=0) (state.change.logger)
[2024-07-31 11:11:45,061] INFO [Controller id=0 epoch=2] Changed partition __consumer_offsets-16 from NewPartition to OnlinePartition with state LeaderAndIsr(leader=0, leaderEpoch=0, isr=List(0), leaderRecoveryState=RECOVERED, partitionEpoch=0) (state.change.logger)
[2024-07-31 11:11:45,061] INFO [Controller id=0 epoch=2] Changed partition __consumer_offsets-28 from NewPartition to OnlinePartition with state LeaderAndIsr(leader=0, leaderEpoch=0, isr=List(0), leaderRecoveryState=RECOVERED, partitionEpoch=0) (state.change.logger)
[2024-07-31 11:11:45,061] INFO [Controller id=0 epoch=2] Changed partition __consumer_offsets-31 from NewPartition to OnlinePartition with state LeaderAndIsr(leader=0, leaderEpoch=0, isr=List(0), leaderRecoveryState=RECOVERED, partitionEpoch=0) (state.change.logger)
[2024-07-31 11:11:45,061] INFO [Controller id=0 epoch=2] Changed partition __consumer_offsets-36 from NewPartition to OnlinePartition with state LeaderAndIsr(leader=0, leaderEpoch=0, isr=List(0), leaderRecoveryState=RECOVERED, partitionEpoch=0) (state.change.logger)
[2024-07-31 11:11:45,061] INFO [Controller id=0 epoch=2] Changed partition __consumer_offsets-42 from NewPartition to OnlinePartition with state LeaderAndIsr(leader=0, leaderEpoch=0, isr=List(0), leaderRecoveryState=RECOVERED, partitionEpoch=0) (state.change.logger)
[2024-07-31 11:11:45,061] INFO [Controller id=0 epoch=2] Changed partition __consumer_offsets-3 from NewPartition to OnlinePartition with state LeaderAndIsr(leader=0, leaderEpoch=0, isr=List(0), leaderRecoveryState=RECOVERED, partitionEpoch=0) (state.change.logger)
[2024-07-31 11:11:45,061] INFO [Controller id=0 epoch=2] Changed partition __consumer_offsets-18 from NewPartition to OnlinePartition with state LeaderAndIsr(leader=0, leaderEpoch=0, isr=List(0), leaderRecoveryState=RECOVERED, partitionEpoch=0) (state.change.logger)
[2024-07-31 11:11:45,061] INFO [Controller id=0 epoch=2] Changed partition __consumer_offsets-37 from NewPartition to OnlinePartition with state LeaderAndIsr(leader=0, leaderEpoch=0, isr=List(0), leaderRecoveryState=RECOVERED, partitionEpoch=0) (state.change.logger)
[2024-07-31 11:11:45,061] INFO [Controller id=0 epoch=2] Changed partition __consumer_offsets-15 from NewPartition to OnlinePartition with state LeaderAndIsr(leader=0, leaderEpoch=0, isr=List(0), leaderRecoveryState=RECOVERED, partitionEpoch=0) (state.change.logger)
[2024-07-31 11:11:45,061] INFO [Controller id=0 epoch=2] Changed partition __consumer_offsets-24 from NewPartition to OnlinePartition with state LeaderAndIsr(leader=0, leaderEpoch=0, isr=List(0), leaderRecoveryState=RECOVERED, partitionEpoch=0) (state.change.logger)
[2024-07-31 11:11:45,061] INFO [Controller id=0 epoch=2] Changed partition __consumer_offsets-38 from NewPartition to OnlinePartition with state LeaderAndIsr(leader=0, leaderEpoch=0, isr=List(0), leaderRecoveryState=RECOVERED, partitionEpoch=0) (state.change.logger)
[2024-07-31 11:11:45,061] INFO [Controller id=0 epoch=2] Changed partition __consumer_offsets-17 from NewPartition to OnlinePartition with state LeaderAndIsr(leader=0, leaderEpoch=0, isr=List(0), leaderRecoveryState=RECOVERED, partitionEpoch=0) (state.change.logger)
[2024-07-31 11:11:45,061] INFO [Controller id=0 epoch=2] Changed partition __consumer_offsets-48 from NewPartition to OnlinePartition with state LeaderAndIsr(leader=0, leaderEpoch=0, isr=List(0), leaderRecoveryState=RECOVERED, partitionEpoch=0) (state.change.logger)
[2024-07-31 11:11:45,061] INFO [Controller id=0 epoch=2] Changed partition __consumer_offsets-19 from NewPartition to OnlinePartition with state LeaderAndIsr(leader=0, leaderEpoch=0, isr=List(0), leaderRecoveryState=RECOVERED, partitionEpoch=0) (state.change.logger)
[2024-07-31 11:11:45,061] INFO [Controller id=0 epoch=2] Changed partition __consumer_offsets-11 from NewPartition to OnlinePartition with state LeaderAndIsr(leader=0, leaderEpoch=0, isr=List(0), leaderRecoveryState=RECOVERED, partitionEpoch=0) (state.change.logger)
[2024-07-31 11:11:45,061] INFO [Controller id=0 epoch=2] Changed partition __consumer_offsets-13 from NewPartition to OnlinePartition with state LeaderAndIsr(leader=0, leaderEpoch=0, isr=List(0), leaderRecoveryState=RECOVERED, partitionEpoch=0) (state.change.logger)
[2024-07-31 11:11:45,061] INFO [Controller id=0 epoch=2] Changed partition __consumer_offsets-2 from NewPartition to OnlinePartition with state LeaderAndIsr(leader=0, leaderEpoch=0, isr=List(0), leaderRecoveryState=RECOVERED, partitionEpoch=0) (state.change.logger)
[2024-07-31 11:11:45,061] INFO [Controller id=0 epoch=2] Changed partition __consumer_offsets-43 from NewPartition to OnlinePartition with state LeaderAndIsr(leader=0, leaderEpoch=0, isr=List(0), leaderRecoveryState=RECOVERED, partitionEpoch=0) (state.change.logger)
[2024-07-31 11:11:45,061] INFO [Controller id=0 epoch=2] Changed partition __consumer_offsets-6 from NewPartition to OnlinePartition with state LeaderAndIsr(leader=0, leaderEpoch=0, isr=List(0), leaderRecoveryState=RECOVERED, partitionEpoch=0) (state.change.logger)
[2024-07-31 11:11:45,061] INFO [Controller id=0 epoch=2] Changed partition __consumer_offsets-14 from NewPartition to OnlinePartition with state LeaderAndIsr(leader=0, leaderEpoch=0, isr=List(0), leaderRecoveryState=RECOVERED, partitionEpoch=0) (state.change.logger)
[2024-07-31 11:11:45,062] INFO [Controller id=0 epoch=2] Changed partition __consumer_offsets-20 from NewPartition to OnlinePartition with state LeaderAndIsr(leader=0, leaderEpoch=0, isr=List(0), leaderRecoveryState=RECOVERED, partitionEpoch=0) (state.change.logger)
[2024-07-31 11:11:45,062] INFO [Controller id=0 epoch=2] Changed partition __consumer_offsets-0 from NewPartition to OnlinePartition with state LeaderAndIsr(leader=0, leaderEpoch=0, isr=List(0), leaderRecoveryState=RECOVERED, partitionEpoch=0) (state.change.logger)
[2024-07-31 11:11:45,062] INFO [Controller id=0 epoch=2] Changed partition __consumer_offsets-44 from NewPartition to OnlinePartition with state LeaderAndIsr(leader=0, leaderEpoch=0, isr=List(0), leaderRecoveryState=RECOVERED, partitionEpoch=0) (state.change.logger)
[2024-07-31 11:11:45,062] INFO [Controller id=0 epoch=2] Changed partition __consumer_offsets-39 from NewPartition to OnlinePartition with state LeaderAndIsr(leader=0, leaderEpoch=0, isr=List(0), leaderRecoveryState=RECOVERED, partitionEpoch=0) (state.change.logger)
[2024-07-31 11:11:45,062] INFO [Controller id=0 epoch=2] Changed partition __consumer_offsets-12 from NewPartition to OnlinePartition with state LeaderAndIsr(leader=0, leaderEpoch=0, isr=List(0), leaderRecoveryState=RECOVERED, partitionEpoch=0) (state.change.logger)
[2024-07-31 11:11:45,062] INFO [Controller id=0 epoch=2] Changed partition __consumer_offsets-45 from NewPartition to OnlinePartition with state LeaderAndIsr(leader=0, leaderEpoch=0, isr=List(0), leaderRecoveryState=RECOVERED, partitionEpoch=0) (state.change.logger)
[2024-07-31 11:11:45,062] INFO [Controller id=0 epoch=2] Changed partition __consumer_offsets-1 from NewPartition to OnlinePartition with state LeaderAndIsr(leader=0, leaderEpoch=0, isr=List(0), leaderRecoveryState=RECOVERED, partitionEpoch=0) (state.change.logger)
[2024-07-31 11:11:45,062] INFO [Controller id=0 epoch=2] Changed partition __consumer_offsets-5 from NewPartition to OnlinePartition with state LeaderAndIsr(leader=0, leaderEpoch=0, isr=List(0), leaderRecoveryState=RECOVERED, partitionEpoch=0) (state.change.logger)
[2024-07-31 11:11:45,062] INFO [Controller id=0 epoch=2] Changed partition __consumer_offsets-26 from NewPartition to OnlinePartition with state LeaderAndIsr(leader=0, leaderEpoch=0, isr=List(0), leaderRecoveryState=RECOVERED, partitionEpoch=0) (state.change.logger)
[2024-07-31 11:11:45,062] INFO [Controller id=0 epoch=2] Changed partition __consumer_offsets-29 from NewPartition to OnlinePartition with state LeaderAndIsr(leader=0, leaderEpoch=0, isr=List(0), leaderRecoveryState=RECOVERED, partitionEpoch=0) (state.change.logger)
[2024-07-31 11:11:45,062] INFO [Controller id=0 epoch=2] Changed partition __consumer_offsets-34 from NewPartition to OnlinePartition with state LeaderAndIsr(leader=0, leaderEpoch=0, isr=List(0), leaderRecoveryState=RECOVERED, partitionEpoch=0) (state.change.logger)
[2024-07-31 11:11:45,062] INFO [Controller id=0 epoch=2] Changed partition __consumer_offsets-10 from NewPartition to OnlinePartition with state LeaderAndIsr(leader=0, leaderEpoch=0, isr=List(0), leaderRecoveryState=RECOVERED, partitionEpoch=0) (state.change.logger)
[2024-07-31 11:11:45,062] INFO [Controller id=0 epoch=2] Changed partition __consumer_offsets-32 from NewPartition to OnlinePartition with state LeaderAndIsr(leader=0, leaderEpoch=0, isr=List(0), leaderRecoveryState=RECOVERED, partitionEpoch=0) (state.change.logger)
[2024-07-31 11:11:45,062] INFO [Controller id=0 epoch=2] Changed partition __consumer_offsets-40 from NewPartition to OnlinePartition with state LeaderAndIsr(leader=0, leaderEpoch=0, isr=List(0), leaderRecoveryState=RECOVERED, partitionEpoch=0) (state.change.logger)
[2024-07-31 11:11:45,062] INFO [Controller id=0 epoch=2] Sending LeaderAndIsr request to broker 0 with 50 become-leader and 0 become-follower partitions (state.change.logger)
[2024-07-31 11:11:45,063] INFO [Controller id=0 epoch=2] Sending UpdateMetadata request to brokers Set(0) for 50 partitions (state.change.logger)
[2024-07-31 11:11:45,065] INFO [Controller id=0 epoch=2] Sending UpdateMetadata request to brokers Set() for 0 partitions (state.change.logger)
[2024-07-31 11:11:45,067] INFO [Broker id=0] Handling LeaderAndIsr request correlationId 3 from controller 0 for 50 partitions (state.change.logger)
[2024-07-31 11:11:45,096] INFO [Broker id=0] Stopped fetchers as part of LeaderAndIsr request correlationId 3 from controller 0 epoch 2 as part of the become-leader transition for 50 partitions (state.change.logger)
[2024-07-31 11:11:45,109] INFO [Broker id=0] Leader __consumer_offsets-0 with topic id Some(mR9_E6wUTGewQWe1tdlQug) starts at leader epoch 0 from offset 0 with partition epoch 0, high watermark 0, ISR [0], adding replicas [] and removing replicas []. Previous leader epoch was -1. (state.change.logger)
[2024-07-31 11:11:45,304] INFO [Broker id=0] Leader __consumer_offsets-29 with topic id Some(mR9_E6wUTGewQWe1tdlQug) starts at leader epoch 0 from offset 0 with partition epoch 0, high watermark 0, ISR [0], adding replicas [] and removing replicas []. Previous leader epoch was -1. (state.change.logger)
[2024-07-31 11:11:45,550] INFO [Broker id=0] Leader __consumer_offsets-48 with topic id Some(mR9_E6wUTGewQWe1tdlQug) starts at leader epoch 0 from offset 0 with partition epoch 0, high watermark 0, ISR [0], adding replicas [] and removing replicas []. Previous leader epoch was -1. (state.change.logger)
[2024-07-31 11:11:45,776] INFO [Broker id=0] Leader __consumer_offsets-10 with topic id Some(mR9_E6wUTGewQWe1tdlQug) starts at leader epoch 0 from offset 0 with partition epoch 0, high watermark 0, ISR [0], adding replicas [] and removing replicas []. Previous leader epoch was -1. (state.change.logger)
[2024-07-31 11:11:45,950] INFO [Broker id=0] Leader __consumer_offsets-45 with topic id Some(mR9_E6wUTGewQWe1tdlQug) starts at leader epoch 0 from offset 0 with partition epoch 0, high watermark 0, ISR [0], adding replicas [] and removing replicas []. Previous leader epoch was -1. (state.change.logger)
[2024-07-31 11:11:46,325] INFO [Broker id=0] Leader __consumer_offsets-26 with topic id Some(mR9_E6wUTGewQWe1tdlQug) starts at leader epoch 0 from offset 0 with partition epoch 0, high watermark 0, ISR [0], adding replicas [] and removing replicas []. Previous leader epoch was -1. (state.change.logger)
[2024-07-31 11:11:46,516] INFO [Broker id=0] Leader __consumer_offsets-7 with topic id Some(mR9_E6wUTGewQWe1tdlQug) starts at leader epoch 0 from offset 0 with partition epoch 0, high watermark 0, ISR [0], adding replicas [] and removing replicas []. Previous leader epoch was -1. (state.change.logger)
[2024-07-31 11:11:46,741] INFO [Broker id=0] Leader __consumer_offsets-42 with topic id Some(mR9_E6wUTGewQWe1tdlQug) starts at leader epoch 0 from offset 0 with partition epoch 0, high watermark 0, ISR [0], adding replicas [] and removing replicas []. Previous leader epoch was -1. (state.change.logger)
[2024-07-31 11:11:46,944] INFO [Broker id=0] Leader __consumer_offsets-4 with topic id Some(mR9_E6wUTGewQWe1tdlQug) starts at leader epoch 0 from offset 0 with partition epoch 0, high watermark 0, ISR [0], adding replicas [] and removing replicas []. Previous leader epoch was -1. (state.change.logger)
[2024-07-31 11:11:47,117] INFO [Broker id=0] Leader __consumer_offsets-23 with topic id Some(mR9_E6wUTGewQWe1tdlQug) starts at leader epoch 0 from offset 0 with partition epoch 0, high watermark 0, ISR [0], adding replicas [] and removing replicas []. Previous leader epoch was -1. (state.change.logger)
[2024-07-31 11:11:47,250] INFO [Broker id=0] Leader __consumer_offsets-1 with topic id Some(mR9_E6wUTGewQWe1tdlQug) starts at leader epoch 0 from offset 0 with partition epoch 0, high watermark 0, ISR [0], adding replicas [] and removing replicas []. Previous leader epoch was -1. (state.change.logger)
[2024-07-31 11:11:47,384] INFO [Broker id=0] Leader __consumer_offsets-20 with topic id Some(mR9_E6wUTGewQWe1tdlQug) starts at leader epoch 0 from offset 0 with partition epoch 0, high watermark 0, ISR [0], adding replicas [] and removing replicas []. Previous leader epoch was -1. (state.change.logger)
[2024-07-31 11:11:47,592] INFO [Broker id=0] Leader __consumer_offsets-39 with topic id Some(mR9_E6wUTGewQWe1tdlQug) starts at leader epoch 0 from offset 0 with partition epoch 0, high watermark 0, ISR [0], adding replicas [] and removing replicas []. Previous leader epoch was -1. (state.change.logger)
[2024-07-31 11:11:47,742] INFO [Broker id=0] Leader __consumer_offsets-17 with topic id Some(mR9_E6wUTGewQWe1tdlQug) starts at leader epoch 0 from offset 0 with partition epoch 0, high watermark 0, ISR [0], adding replicas [] and removing replicas []. Previous leader epoch was -1. (state.change.logger)
[2024-07-31 11:11:48,009] INFO [Broker id=0] Leader __consumer_offsets-36 with topic id Some(mR9_E6wUTGewQWe1tdlQug) starts at leader epoch 0 from offset 0 with partition epoch 0, high watermark 0, ISR [0], adding replicas [] and removing replicas []. Previous leader epoch was -1. (state.change.logger)
[2024-07-31 11:11:48,335] INFO [Broker id=0] Leader __consumer_offsets-14 with topic id Some(mR9_E6wUTGewQWe1tdlQug) starts at leader epoch 0 from offset 0 with partition epoch 0, high watermark 0, ISR [0], adding replicas [] and removing replicas []. Previous leader epoch was -1. (state.change.logger)
[2024-07-31 11:11:48,593] INFO [Broker id=0] Leader __consumer_offsets-33 with topic id Some(mR9_E6wUTGewQWe1tdlQug) starts at leader epoch 0 from offset 0 with partition epoch 0, high watermark 0, ISR [0], adding replicas [] and removing replicas []. Previous leader epoch was -1. (state.change.logger)
[2024-07-31 11:11:48,726] INFO [Broker id=0] Leader __consumer_offsets-49 with topic id Some(mR9_E6wUTGewQWe1tdlQug) starts at leader epoch 0 from offset 0 with partition epoch 0, high watermark 0, ISR [0], adding replicas [] and removing replicas []. Previous leader epoch was -1. (state.change.logger)
[2024-07-31 11:11:48,959] INFO [Broker id=0] Leader __consumer_offsets-11 with topic id Some(mR9_E6wUTGewQWe1tdlQug) starts at leader epoch 0 from offset 0 with partition epoch 0, high watermark 0, ISR [0], adding replicas [] and removing replicas []. Previous leader epoch was -1. (state.change.logger)
[2024-07-31 11:11:49,245] INFO [Broker id=0] Leader __consumer_offsets-30 with topic id Some(mR9_E6wUTGewQWe1tdlQug) starts at leader epoch 0 from offset 0 with partition epoch 0, high watermark 0, ISR [0], adding replicas [] and removing replicas []. Previous leader epoch was -1. (state.change.logger)
[2024-07-31 11:11:49,368] INFO [Broker id=0] Leader __consumer_offsets-46 with topic id Some(mR9_E6wUTGewQWe1tdlQug) starts at leader epoch 0 from offset 0 with partition epoch 0, high watermark 0, ISR [0], adding replicas [] and removing replicas []. Previous leader epoch was -1. (state.change.logger)
[2024-07-31 11:11:49,712] INFO [Broker id=0] Leader __consumer_offsets-27 with topic id Some(mR9_E6wUTGewQWe1tdlQug) starts at leader epoch 0 from offset 0 with partition epoch 0, high watermark 0, ISR [0], adding replicas [] and removing replicas []. Previous leader epoch was -1. (state.change.logger)
[2024-07-31 11:11:49,874] INFO [Broker id=0] Leader __consumer_offsets-8 with topic id Some(mR9_E6wUTGewQWe1tdlQug) starts at leader epoch 0 from offset 0 with partition epoch 0, high watermark 0, ISR [0], adding replicas [] and removing replicas []. Previous leader epoch was -1. (state.change.logger)
[2024-07-31 11:11:50,076] INFO [Broker id=0] Leader __consumer_offsets-24 with topic id Some(mR9_E6wUTGewQWe1tdlQug) starts at leader epoch 0 from offset 0 with partition epoch 0, high watermark 0, ISR [0], adding replicas [] and removing replicas []. Previous leader epoch was -1. (state.change.logger)
[2024-07-31 11:11:50,261] INFO [Broker id=0] Leader __consumer_offsets-43 with topic id Some(mR9_E6wUTGewQWe1tdlQug) starts at leader epoch 0 from offset 0 with partition epoch 0, high watermark 0, ISR [0], adding replicas [] and removing replicas []. Previous leader epoch was -1. (state.change.logger)
[2024-07-31 11:11:50,434] INFO [Broker id=0] Leader __consumer_offsets-5 with topic id Some(mR9_E6wUTGewQWe1tdlQug) starts at leader epoch 0 from offset 0 with partition epoch 0, high watermark 0, ISR [0], adding replicas [] and removing replicas []. Previous leader epoch was -1. (state.change.logger)
[2024-07-31 11:11:50,610] INFO [Broker id=0] Leader __consumer_offsets-21 with topic id Some(mR9_E6wUTGewQWe1tdlQug) starts at leader epoch 0 from offset 0 with partition epoch 0, high watermark 0, ISR [0], adding replicas [] and removing replicas []. Previous leader epoch was -1. (state.change.logger)
[2024-07-31 11:11:50,774] INFO [Broker id=0] Leader __consumer_offsets-40 with topic id Some(mR9_E6wUTGewQWe1tdlQug) starts at leader epoch 0 from offset 0 with partition epoch 0, high watermark 0, ISR [0], adding replicas [] and removing replicas []. Previous leader epoch was -1. (state.change.logger)
[2024-07-31 11:11:51,084] INFO [Broker id=0] Leader __consumer_offsets-2 with topic id Some(mR9_E6wUTGewQWe1tdlQug) starts at leader epoch 0 from offset 0 with partition epoch 0, high watermark 0, ISR [0], adding replicas [] and removing replicas []. Previous leader epoch was -1. (state.change.logger)
[2024-07-31 11:11:51,371] INFO [Broker id=0] Leader __consumer_offsets-37 with topic id Some(mR9_E6wUTGewQWe1tdlQug) starts at leader epoch 0 from offset 0 with partition epoch 0, high watermark 0, ISR [0], adding replicas [] and removing replicas []. Previous leader epoch was -1. (state.change.logger)
[2024-07-31 11:11:51,672] INFO [Broker id=0] Leader __consumer_offsets-18 with topic id Some(mR9_E6wUTGewQWe1tdlQug) starts at leader epoch 0 from offset 0 with partition epoch 0, high watermark 0, ISR [0], adding replicas [] and removing replicas []. Previous leader epoch was -1. (state.change.logger)
[2024-07-31 11:11:51,945] INFO [Broker id=0] Leader __consumer_offsets-34 with topic id Some(mR9_E6wUTGewQWe1tdlQug) starts at leader epoch 0 from offset 0 with partition epoch 0, high watermark 0, ISR [0], adding replicas [] and removing replicas []. Previous leader epoch was -1. (state.change.logger)
[2024-07-31 11:11:52,177] INFO [Broker id=0] Leader __consumer_offsets-15 with topic id Some(mR9_E6wUTGewQWe1tdlQug) starts at leader epoch 0 from offset 0 with partition epoch 0, high watermark 0, ISR [0], adding replicas [] and removing replicas []. Previous leader epoch was -1. (state.change.logger)
[2024-07-31 11:11:52,418] INFO [Broker id=0] Leader __consumer_offsets-12 with topic id Some(mR9_E6wUTGewQWe1tdlQug) starts at leader epoch 0 from offset 0 with partition epoch 0, high watermark 0, ISR [0], adding replicas [] and removing replicas []. Previous leader epoch was -1. (state.change.logger)
[2024-07-31 11:11:52,612] INFO [Broker id=0] Leader __consumer_offsets-31 with topic id Some(mR9_E6wUTGewQWe1tdlQug) starts at leader epoch 0 from offset 0 with partition epoch 0, high watermark 0, ISR [0], adding replicas [] and removing replicas []. Previous leader epoch was -1. (state.change.logger)
[2024-07-31 11:11:53,212] INFO [Broker id=0] Leader __consumer_offsets-9 with topic id Some(mR9_E6wUTGewQWe1tdlQug) starts at leader epoch 0 from offset 0 with partition epoch 0, high watermark 0, ISR [0], adding replicas [] and removing replicas []. Previous leader epoch was -1. (state.change.logger)
[2024-07-31 11:11:53,933] INFO [Broker id=0] Leader __consumer_offsets-47 with topic id Some(mR9_E6wUTGewQWe1tdlQug) starts at leader epoch 0 from offset 0 with partition epoch 0, high watermark 0, ISR [0], adding replicas [] and removing replicas []. Previous leader epoch was -1. (state.change.logger)
[2024-07-31 11:11:54,418] INFO [Broker id=0] Leader __consumer_offsets-19 with topic id Some(mR9_E6wUTGewQWe1tdlQug) starts at leader epoch 0 from offset 0 with partition epoch 0, high watermark 0, ISR [0], adding replicas [] and removing replicas []. Previous leader epoch was -1. (state.change.logger)
[2024-07-31 11:11:54,934] INFO [Broker id=0] Leader __consumer_offsets-28 with topic id Some(mR9_E6wUTGewQWe1tdlQug) starts at leader epoch 0 from offset 0 with partition epoch 0, high watermark 0, ISR [0], adding replicas [] and removing replicas []. Previous leader epoch was -1. (state.change.logger)
[2024-07-31 11:11:55,394] INFO [Broker id=0] Leader __consumer_offsets-38 with topic id Some(mR9_E6wUTGewQWe1tdlQug) starts at leader epoch 0 from offset 0 with partition epoch 0, high watermark 0, ISR [0], adding replicas [] and removing replicas []. Previous leader epoch was -1. (state.change.logger)
[2024-07-31 11:11:56,140] INFO [Broker id=0] Leader __consumer_offsets-35 with topic id Some(mR9_E6wUTGewQWe1tdlQug) starts at leader epoch 0 from offset 0 with partition epoch 0, high watermark 0, ISR [0], adding replicas [] and removing replicas []. Previous leader epoch was -1. (state.change.logger)
[2024-07-31 11:11:56,497] INFO [Broker id=0] Leader __consumer_offsets-6 with topic id Some(mR9_E6wUTGewQWe1tdlQug) starts at leader epoch 0 from offset 0 with partition epoch 0, high watermark 0, ISR [0], adding replicas [] and removing replicas []. Previous leader epoch was -1. (state.change.logger)
[2024-07-31 11:11:57,134] INFO [Broker id=0] Leader __consumer_offsets-44 with topic id Some(mR9_E6wUTGewQWe1tdlQug) starts at leader epoch 0 from offset 0 with partition epoch 0, high watermark 0, ISR [0], adding replicas [] and removing replicas []. Previous leader epoch was -1. (state.change.logger)
[2024-07-31 11:11:57,423] INFO [Broker id=0] Leader __consumer_offsets-25 with topic id Some(mR9_E6wUTGewQWe1tdlQug) starts at leader epoch 0 from offset 0 with partition epoch 0, high watermark 0, ISR [0], adding replicas [] and removing replicas []. Previous leader epoch was -1. (state.change.logger)
[2024-07-31 11:11:57,758] INFO [Broker id=0] Leader __consumer_offsets-16 with topic id Some(mR9_E6wUTGewQWe1tdlQug) starts at leader epoch 0 from offset 0 with partition epoch 0, high watermark 0, ISR [0], adding replicas [] and removing replicas []. Previous leader epoch was -1. (state.change.logger)
[2024-07-31 11:11:57,979] INFO [Broker id=0] Leader __consumer_offsets-22 with topic id Some(mR9_E6wUTGewQWe1tdlQug) starts at leader epoch 0 from offset 0 with partition epoch 0, high watermark 0, ISR [0], adding replicas [] and removing replicas []. Previous leader epoch was -1. (state.change.logger)
[2024-07-31 11:11:58,222] INFO [Broker id=0] Leader __consumer_offsets-41 with topic id Some(mR9_E6wUTGewQWe1tdlQug) starts at leader epoch 0 from offset 0 with partition epoch 0, high watermark 0, ISR [0], adding replicas [] and removing replicas []. Previous leader epoch was -1. (state.change.logger)
[2024-07-31 11:11:58,331] INFO [Broker id=0] Leader __consumer_offsets-32 with topic id Some(mR9_E6wUTGewQWe1tdlQug) starts at leader epoch 0 from offset 0 with partition epoch 0, high watermark 0, ISR [0], adding replicas [] and removing replicas []. Previous leader epoch was -1. (state.change.logger)
[2024-07-31 11:11:58,591] INFO [Broker id=0] Leader __consumer_offsets-3 with topic id Some(mR9_E6wUTGewQWe1tdlQug) starts at leader epoch 0 from offset 0 with partition epoch 0, high watermark 0, ISR [0], adding replicas [] and removing replicas []. Previous leader epoch was -1. (state.change.logger)
[2024-07-31 11:11:58,984] INFO [Broker id=0] Leader __consumer_offsets-13 with topic id Some(mR9_E6wUTGewQWe1tdlQug) starts at leader epoch 0 from offset 0 with partition epoch 0, high watermark 0, ISR [0], adding replicas [] and removing replicas []. Previous leader epoch was -1. (state.change.logger)
[2024-07-31 11:11:59,294] INFO [Broker id=0] Finished LeaderAndIsr request in 14227ms correlationId 3 from controller 0 for 50 partitions (state.change.logger)
[2024-07-31 11:11:59,297] INFO [Broker id=0] Add 50 partitions and deleted 0 partitions from metadata cache in response to UpdateMetadata request sent by controller 0 epoch 2 with correlation id 4 (state.change.logger)
[2024-07-31 11:20:57,484] INFO [Controller id=0 epoch=2] Sending UpdateMetadata request to brokers Set(0) for 0 partitions (state.change.logger)
[2024-07-31 11:20:57,497] INFO [Controller id=0 epoch=2] Sending UpdateMetadata request to brokers Set(1) for 51 partitions (state.change.logger)
[2024-07-31 11:20:58,154] INFO [Broker id=1] Add 51 partitions and deleted 0 partitions from metadata cache in response to UpdateMetadata request sent by controller 0 epoch 2 with correlation id 0 (state.change.logger)
[2024-07-31 11:21:50,135] INFO [Controller id=0 epoch=2] Sending UpdateMetadata request to brokers Set() for 0 partitions (state.change.logger)
[2024-07-31 11:21:51,508] INFO [Controller id=0 epoch=2] Sending UpdateMetadata request to brokers Set(0) for 0 partitions (state.change.logger)
[2024-07-31 11:23:41,507] INFO [Controller id=0 epoch=2] Sending UpdateMetadata request to brokers Set() for 0 partitions (state.change.logger)
[2024-07-31 11:24:19,034] INFO [Controller id=0 epoch=3] Sending UpdateMetadata request to brokers Set(0) for 0 partitions (state.change.logger)
[2024-07-31 11:24:19,084] INFO [Controller id=0 epoch=3] Sending LeaderAndIsr request to broker 0 with 51 become-leader and 0 become-follower partitions (state.change.logger)
[2024-07-31 11:24:19,086] INFO [Controller id=0 epoch=3] Sending UpdateMetadata request to brokers Set(0) for 51 partitions (state.change.logger)
[2024-07-31 11:24:19,436] INFO [Broker id=0] Handling LeaderAndIsr request correlationId 1 from controller 0 for 51 partitions (state.change.logger)
[2024-07-31 11:24:19,480] INFO [Broker id=0] Stopped fetchers as part of LeaderAndIsr request correlationId 1 from controller 0 epoch 3 as part of the become-leader transition for 51 partitions (state.change.logger)
[2024-07-31 11:24:19,492] INFO [Broker id=0] Leader __consumer_offsets-0 with topic id Some(mR9_E6wUTGewQWe1tdlQug) starts at leader epoch 0 from offset 0 with partition epoch 0, high watermark 0, ISR [0], adding replicas [] and removing replicas []. Previous leader epoch was -1. (state.change.logger)
[2024-07-31 11:24:19,686] INFO [Broker id=0] Leader __consumer_offsets-29 with topic id Some(mR9_E6wUTGewQWe1tdlQug) starts at leader epoch 0 from offset 0 with partition epoch 0, high watermark 0, ISR [0], adding replicas [] and removing replicas []. Previous leader epoch was -1. (state.change.logger)
[2024-07-31 11:24:19,884] INFO [Broker id=0] Leader __consumer_offsets-48 with topic id Some(mR9_E6wUTGewQWe1tdlQug) starts at leader epoch 0 from offset 0 with partition epoch 0, high watermark 0, ISR [0], adding replicas [] and removing replicas []. Previous leader epoch was -1. (state.change.logger)
[2024-07-31 11:24:20,005] INFO [Broker id=0] Leader mytopic-0 with topic id Some(CX6ILlROS36utRbrTFO8Cw) starts at leader epoch 0 from offset 3 with partition epoch 0, high watermark 3, ISR [0], adding replicas [] and removing replicas []. Previous leader epoch was -1. (state.change.logger)
[2024-07-31 11:24:20,005] INFO [Broker id=0] Leader __consumer_offsets-10 with topic id Some(mR9_E6wUTGewQWe1tdlQug) starts at leader epoch 0 from offset 0 with partition epoch 0, high watermark 0, ISR [0], adding replicas [] and removing replicas []. Previous leader epoch was -1. (state.change.logger)
[2024-07-31 11:24:20,108] INFO [Broker id=0] Leader __consumer_offsets-45 with topic id Some(mR9_E6wUTGewQWe1tdlQug) starts at leader epoch 0 from offset 0 with partition epoch 0, high watermark 0, ISR [0], adding replicas [] and removing replicas []. Previous leader epoch was -1. (state.change.logger)
[2024-07-31 11:24:20,184] INFO [Broker id=0] Leader __consumer_offsets-26 with topic id Some(mR9_E6wUTGewQWe1tdlQug) starts at leader epoch 0 from offset 0 with partition epoch 0, high watermark 0, ISR [0], adding replicas [] and removing replicas []. Previous leader epoch was -1. (state.change.logger)
[2024-07-31 11:24:20,267] INFO [Broker id=0] Leader __consumer_offsets-7 with topic id Some(mR9_E6wUTGewQWe1tdlQug) starts at leader epoch 0 from offset 0 with partition epoch 0, high watermark 0, ISR [0], adding replicas [] and removing replicas []. Previous leader epoch was -1. (state.change.logger)
[2024-07-31 11:24:20,342] INFO [Broker id=0] Leader __consumer_offsets-42 with topic id Some(mR9_E6wUTGewQWe1tdlQug) starts at leader epoch 0 from offset 0 with partition epoch 0, high watermark 0, ISR [0], adding replicas [] and removing replicas []. Previous leader epoch was -1. (state.change.logger)
[2024-07-31 11:24:20,434] INFO [Broker id=0] Leader __consumer_offsets-4 with topic id Some(mR9_E6wUTGewQWe1tdlQug) starts at leader epoch 0 from offset 0 with partition epoch 0, high watermark 0, ISR [0], adding replicas [] and removing replicas []. Previous leader epoch was -1. (state.change.logger)
[2024-07-31 11:24:20,592] INFO [Broker id=0] Leader __consumer_offsets-23 with topic id Some(mR9_E6wUTGewQWe1tdlQug) starts at leader epoch 0 from offset 0 with partition epoch 0, high watermark 0, ISR [0], adding replicas [] and removing replicas []. Previous leader epoch was -1. (state.change.logger)
[2024-07-31 11:24:20,742] INFO [Broker id=0] Leader __consumer_offsets-1 with topic id Some(mR9_E6wUTGewQWe1tdlQug) starts at leader epoch 0 from offset 0 with partition epoch 0, high watermark 0, ISR [0], adding replicas [] and removing replicas []. Previous leader epoch was -1. (state.change.logger)
[2024-07-31 11:24:20,910] INFO [Broker id=0] Leader __consumer_offsets-20 with topic id Some(mR9_E6wUTGewQWe1tdlQug) starts at leader epoch 0 from offset 0 with partition epoch 0, high watermark 0, ISR [0], adding replicas [] and removing replicas []. Previous leader epoch was -1. (state.change.logger)
[2024-07-31 11:24:21,126] INFO [Broker id=0] Leader __consumer_offsets-39 with topic id Some(mR9_E6wUTGewQWe1tdlQug) starts at leader epoch 0 from offset 0 with partition epoch 0, high watermark 0, ISR [0], adding replicas [] and removing replicas []. Previous leader epoch was -1. (state.change.logger)
[2024-07-31 11:24:21,476] INFO [Broker id=0] Leader __consumer_offsets-17 with topic id Some(mR9_E6wUTGewQWe1tdlQug) starts at leader epoch 0 from offset 0 with partition epoch 0, high watermark 0, ISR [0], adding replicas [] and removing replicas []. Previous leader epoch was -1. (state.change.logger)
[2024-07-31 11:24:21,760] INFO [Broker id=0] Leader __consumer_offsets-36 with topic id Some(mR9_E6wUTGewQWe1tdlQug) starts at leader epoch 0 from offset 0 with partition epoch 0, high watermark 0, ISR [0], adding replicas [] and removing replicas []. Previous leader epoch was -1. (state.change.logger)
[2024-07-31 11:24:21,926] INFO [Broker id=0] Leader __consumer_offsets-14 with topic id Some(mR9_E6wUTGewQWe1tdlQug) starts at leader epoch 0 from offset 0 with partition epoch 0, high watermark 0, ISR [0], adding replicas [] and removing replicas []. Previous leader epoch was -1. (state.change.logger)
[2024-07-31 11:24:22,536] INFO [Broker id=0] Leader __consumer_offsets-33 with topic id Some(mR9_E6wUTGewQWe1tdlQug) starts at leader epoch 0 from offset 0 with partition epoch 0, high watermark 0, ISR [0], adding replicas [] and removing replicas []. Previous leader epoch was -1. (state.change.logger)
[2024-07-31 11:24:22,902] INFO [Broker id=0] Leader __consumer_offsets-49 with topic id Some(mR9_E6wUTGewQWe1tdlQug) starts at leader epoch 0 from offset 0 with partition epoch 0, high watermark 0, ISR [0], adding replicas [] and removing replicas []. Previous leader epoch was -1. (state.change.logger)
[2024-07-31 11:24:23,168] INFO [Broker id=0] Leader __consumer_offsets-11 with topic id Some(mR9_E6wUTGewQWe1tdlQug) starts at leader epoch 0 from offset 3 with partition epoch 0, high watermark 3, ISR [0], adding replicas [] and removing replicas []. Previous leader epoch was -1. (state.change.logger)
[2024-07-31 11:24:23,169] INFO [Broker id=0] Leader __consumer_offsets-30 with topic id Some(mR9_E6wUTGewQWe1tdlQug) starts at leader epoch 0 from offset 0 with partition epoch 0, high watermark 0, ISR [0], adding replicas [] and removing replicas []. Previous leader epoch was -1. (state.change.logger)
[2024-07-31 11:24:23,278] INFO [Broker id=0] Leader __consumer_offsets-46 with topic id Some(mR9_E6wUTGewQWe1tdlQug) starts at leader epoch 0 from offset 0 with partition epoch 0, high watermark 0, ISR [0], adding replicas [] and removing replicas []. Previous leader epoch was -1. (state.change.logger)
[2024-07-31 11:24:23,402] INFO [Broker id=0] Leader __consumer_offsets-27 with topic id Some(mR9_E6wUTGewQWe1tdlQug) starts at leader epoch 0 from offset 0 with partition epoch 0, high watermark 0, ISR [0], adding replicas [] and removing replicas []. Previous leader epoch was -1. (state.change.logger)
[2024-07-31 11:24:23,552] INFO [Broker id=0] Leader __consumer_offsets-8 with topic id Some(mR9_E6wUTGewQWe1tdlQug) starts at leader epoch 0 from offset 0 with partition epoch 0, high watermark 0, ISR [0], adding replicas [] and removing replicas []. Previous leader epoch was -1. (state.change.logger)
[2024-07-31 11:24:23,777] INFO [Broker id=0] Leader __consumer_offsets-24 with topic id Some(mR9_E6wUTGewQWe1tdlQug) starts at leader epoch 0 from offset 0 with partition epoch 0, high watermark 0, ISR [0], adding replicas [] and removing replicas []. Previous leader epoch was -1. (state.change.logger)
[2024-07-31 11:24:23,963] INFO [Broker id=0] Leader __consumer_offsets-43 with topic id Some(mR9_E6wUTGewQWe1tdlQug) starts at leader epoch 0 from offset 0 with partition epoch 0, high watermark 0, ISR [0], adding replicas [] and removing replicas []. Previous leader epoch was -1. (state.change.logger)
[2024-07-31 11:24:24,105] INFO [Broker id=0] Leader __consumer_offsets-5 with topic id Some(mR9_E6wUTGewQWe1tdlQug) starts at leader epoch 0 from offset 0 with partition epoch 0, high watermark 0, ISR [0], adding replicas [] and removing replicas []. Previous leader epoch was -1. (state.change.logger)
[2024-07-31 11:24:24,205] INFO [Broker id=0] Leader __consumer_offsets-21 with topic id Some(mR9_E6wUTGewQWe1tdlQug) starts at leader epoch 0 from offset 0 with partition epoch 0, high watermark 0, ISR [0], adding replicas [] and removing replicas []. Previous leader epoch was -1. (state.change.logger)
[2024-07-31 11:24:24,280] INFO [Broker id=0] Leader __consumer_offsets-40 with topic id Some(mR9_E6wUTGewQWe1tdlQug) starts at leader epoch 0 from offset 0 with partition epoch 0, high watermark 0, ISR [0], adding replicas [] and removing replicas []. Previous leader epoch was -1. (state.change.logger)
[2024-07-31 11:24:24,439] INFO [Broker id=0] Leader __consumer_offsets-2 with topic id Some(mR9_E6wUTGewQWe1tdlQug) starts at leader epoch 0 from offset 0 with partition epoch 0, high watermark 0, ISR [0], adding replicas [] and removing replicas []. Previous leader epoch was -1. (state.change.logger)
[2024-07-31 11:24:24,654] INFO [Broker id=0] Leader __consumer_offsets-37 with topic id Some(mR9_E6wUTGewQWe1tdlQug) starts at leader epoch 0 from offset 0 with partition epoch 0, high watermark 0, ISR [0], adding replicas [] and removing replicas []. Previous leader epoch was -1. (state.change.logger)
[2024-07-31 11:24:24,772] INFO [Broker id=0] Leader __consumer_offsets-18 with topic id Some(mR9_E6wUTGewQWe1tdlQug) starts at leader epoch 0 from offset 0 with partition epoch 0, high watermark 0, ISR [0], adding replicas [] and removing replicas []. Previous leader epoch was -1. (state.change.logger)
[2024-07-31 11:24:24,855] INFO [Broker id=0] Leader __consumer_offsets-34 with topic id Some(mR9_E6wUTGewQWe1tdlQug) starts at leader epoch 0 from offset 0 with partition epoch 0, high watermark 0, ISR [0], adding replicas [] and removing replicas []. Previous leader epoch was -1. (state.change.logger)
[2024-07-31 11:24:24,930] INFO [Broker id=0] Leader __consumer_offsets-15 with topic id Some(mR9_E6wUTGewQWe1tdlQug) starts at leader epoch 0 from offset 0 with partition epoch 0, high watermark 0, ISR [0], adding replicas [] and removing replicas []. Previous leader epoch was -1. (state.change.logger)
[2024-07-31 11:24:25,047] INFO [Broker id=0] Leader __consumer_offsets-12 with topic id Some(mR9_E6wUTGewQWe1tdlQug) starts at leader epoch 0 from offset 0 with partition epoch 0, high watermark 0, ISR [0], adding replicas [] and removing replicas []. Previous leader epoch was -1. (state.change.logger)
[2024-07-31 11:24:25,147] INFO [Broker id=0] Leader __consumer_offsets-31 with topic id Some(mR9_E6wUTGewQWe1tdlQug) starts at leader epoch 0 from offset 0 with partition epoch 0, high watermark 0, ISR [0], adding replicas [] and removing replicas []. Previous leader epoch was -1. (state.change.logger)
[2024-07-31 11:24:25,239] INFO [Broker id=0] Leader __consumer_offsets-9 with topic id Some(mR9_E6wUTGewQWe1tdlQug) starts at leader epoch 0 from offset 0 with partition epoch 0, high watermark 0, ISR [0], adding replicas [] and removing replicas []. Previous leader epoch was -1. (state.change.logger)
[2024-07-31 11:24:25,322] INFO [Broker id=0] Leader __consumer_offsets-47 with topic id Some(mR9_E6wUTGewQWe1tdlQug) starts at leader epoch 0 from offset 0 with partition epoch 0, high watermark 0, ISR [0], adding replicas [] and removing replicas []. Previous leader epoch was -1. (state.change.logger)
[2024-07-31 11:24:25,481] INFO [Broker id=0] Leader __consumer_offsets-19 with topic id Some(mR9_E6wUTGewQWe1tdlQug) starts at leader epoch 0 from offset 0 with partition epoch 0, high watermark 0, ISR [0], adding replicas [] and removing replicas []. Previous leader epoch was -1. (state.change.logger)
[2024-07-31 11:24:25,580] INFO [Broker id=0] Leader __consumer_offsets-28 with topic id Some(mR9_E6wUTGewQWe1tdlQug) starts at leader epoch 0 from offset 0 with partition epoch 0, high watermark 0, ISR [0], adding replicas [] and removing replicas []. Previous leader epoch was -1. (state.change.logger)
[2024-07-31 11:24:25,706] INFO [Broker id=0] Leader __consumer_offsets-38 with topic id Some(mR9_E6wUTGewQWe1tdlQug) starts at leader epoch 0 from offset 0 with partition epoch 0, high watermark 0, ISR [0], adding replicas [] and removing replicas []. Previous leader epoch was -1. (state.change.logger)
[2024-07-31 11:24:25,772] INFO [Broker id=0] Leader __consumer_offsets-35 with topic id Some(mR9_E6wUTGewQWe1tdlQug) starts at leader epoch 0 from offset 0 with partition epoch 0, high watermark 0, ISR [0], adding replicas [] and removing replicas []. Previous leader epoch was -1. (state.change.logger)
[2024-07-31 11:24:25,864] INFO [Broker id=0] Leader __consumer_offsets-6 with topic id Some(mR9_E6wUTGewQWe1tdlQug) starts at leader epoch 0 from offset 0 with partition epoch 0, high watermark 0, ISR [0], adding replicas [] and removing replicas []. Previous leader epoch was -1. (state.change.logger)
[2024-07-31 11:24:26,023] INFO [Broker id=0] Leader __consumer_offsets-44 with topic id Some(mR9_E6wUTGewQWe1tdlQug) starts at leader epoch 0 from offset 3 with partition epoch 0, high watermark 3, ISR [0], adding replicas [] and removing replicas []. Previous leader epoch was -1. (state.change.logger)
[2024-07-31 11:24:26,023] INFO [Broker id=0] Leader __consumer_offsets-25 with topic id Some(mR9_E6wUTGewQWe1tdlQug) starts at leader epoch 0 from offset 0 with partition epoch 0, high watermark 0, ISR [0], adding replicas [] and removing replicas []. Previous leader epoch was -1. (state.change.logger)
[2024-07-31 11:24:26,181] INFO [Broker id=0] Leader __consumer_offsets-16 with topic id Some(mR9_E6wUTGewQWe1tdlQug) starts at leader epoch 0 from offset 0 with partition epoch 0, high watermark 0, ISR [0], adding replicas [] and removing replicas []. Previous leader epoch was -1. (state.change.logger)
[2024-07-31 11:24:26,264] INFO [Broker id=0] Leader __consumer_offsets-22 with topic id Some(mR9_E6wUTGewQWe1tdlQug) starts at leader epoch 0 from offset 0 with partition epoch 0, high watermark 0, ISR [0], adding replicas [] and removing replicas []. Previous leader epoch was -1. (state.change.logger)
[2024-07-31 11:24:26,364] INFO [Broker id=0] Leader __consumer_offsets-41 with topic id Some(mR9_E6wUTGewQWe1tdlQug) starts at leader epoch 0 from offset 0 with partition epoch 0, high watermark 0, ISR [0], adding replicas [] and removing replicas []. Previous leader epoch was -1. (state.change.logger)
[2024-07-31 11:24:26,431] INFO [Broker id=0] Leader __consumer_offsets-32 with topic id Some(mR9_E6wUTGewQWe1tdlQug) starts at leader epoch 0 from offset 0 with partition epoch 0, high watermark 0, ISR [0], adding replicas [] and removing replicas []. Previous leader epoch was -1. (state.change.logger)
[2024-07-31 11:24:26,506] INFO [Broker id=0] Leader __consumer_offsets-3 with topic id Some(mR9_E6wUTGewQWe1tdlQug) starts at leader epoch 0 from offset 0 with partition epoch 0, high watermark 0, ISR [0], adding replicas [] and removing replicas []. Previous leader epoch was -1. (state.change.logger)
[2024-07-31 11:24:26,581] INFO [Broker id=0] Leader __consumer_offsets-13 with topic id Some(mR9_E6wUTGewQWe1tdlQug) starts at leader epoch 0 from offset 0 with partition epoch 0, high watermark 0, ISR [0], adding replicas [] and removing replicas []. Previous leader epoch was -1. (state.change.logger)
[2024-07-31 11:24:26,713] INFO [Broker id=0] Finished LeaderAndIsr request in 7277ms correlationId 1 from controller 0 for 51 partitions (state.change.logger)
[2024-07-31 11:24:26,723] INFO [Broker id=0] Add 51 partitions and deleted 0 partitions from metadata cache in response to UpdateMetadata request sent by controller 0 epoch 3 with correlation id 2 (state.change.logger)
